Email sent successfully to karokin35@gmail.com
Email sent successfully to nancykaroki49@gmail.com
Email sent successfully to karokin35@gmail.com
Error generating stats: Cannot resolve keyword 'tour_destination' into field. Choices are: additional_notes, booking_reference, confirmed_date, confirmed_time, created_at, destination, email, estimated_price, final_price, id, meeting_point, name, number_of_people, phone, preferred_date, special_requirements, status, tour, tour_id, updated_at
Error generating stats: Cannot resolve keyword 'tour_destination' into field. Choices are: additional_notes, booking_reference, confirmed_date, confirmed_time, created_at, destination, email, estimated_price, final_price, id, meeting_point, name, number_of_people, phone, preferred_date, special_requirements, status, tour, tour_id, updated_at
Error generating stats: Cannot resolve keyword 'tour_destination' into field. Choices are: additional_notes, booking_reference, confirmed_date, confirmed_time, created_at, destination, email, estimated_price, final_price, id, meeting_point, name, number_of_people, phone, preferred_date, special_requirements, status, tour, tour_id, updated_at
Error generating stats: Cannot resolve keyword 'tour_destination' into field. Choices are: additional_notes, booking_reference, confirmed_date, confirmed_time, created_at, destination, email, estimated_price, final_price, id, meeting_point, name, number_of_people, phone, preferred_date, special_requirements, status, tour, tour_id, updated_at
Email sent successfully to karokin35@gmail.com
Customer confirmation email sent for booking D1566FDB
Email sent successfully to nancykaroki49@gmail.com
Admin notification email sent for booking D1566FDB
Error generating stats: Cannot resolve keyword 'tour_destination' into field. Choices are: additional_notes, booking_reference, confirmed_date, confirmed_time, created_at, destination, email, estimated_price, final_price, id, meeting_point, name, number_of_people, phone, preferred_date, special_requirements, status, tour, tour_id, updated_at
Error generating stats: Cannot resolve keyword 'tour_destination' into field. Choices are: additional_notes, booking_reference, confirmed_date, confirmed_time, created_at, destination, email, estimated_price, final_price, id, meeting_point, name, number_of_people, phone, preferred_date, special_requirements, status, tour, tour_id, updated_at
Error generating stats: Cannot resolve keyword 'tour_destination' into field. Choices are: additional_notes, booking_reference, confirmed_date, confirmed_time, created_at, destination, email, estimated_price, final_price, id, meeting_point, name, number_of_people, phone, preferred_date, special_requirements, status, tour, tour_id, updated_at
Error generating stats: Cannot resolve keyword 'tour_destination' into field. Choices are: additional_notes, booking_reference, confirmed_date, confirmed_time, created_at, destination, email, estimated_price, final_price, id, meeting_point, name, number_of_people, phone, preferred_date, special_requirements, status, tour, tour_id, updated_at
Error generating stats: Cannot resolve keyword 'tour_destination' into field. Choices are: additional_notes, booking_reference, confirmed_date, confirmed_time, created_at, destination, email, estimated_price, final_price, id, meeting_point, name, number_of_people, phone, preferred_date, special_requirements, status, tour, tour_id, updated_at
Error generating stats: Cannot resolve keyword 'tour_destination' into field. Choices are: additional_notes, booking_reference, confirmed_date, confirmed_time, created_at, destination, email, estimated_price, final_price, id, meeting_point, name, number_of_people, phone, preferred_date, special_requirements, status, tour, tour_id, updated_at
Error generating stats: Cannot resolve keyword 'tour_destination' into field. Choices are: additional_notes, booking_reference, confirmed_date, confirmed_time, created_at, destination, email, estimated_price, final_price, id, meeting_point, name, number_of_people, phone, preferred_date, special_requirements, status, tour, tour_id, updated_at
Error generating stats: Cannot resolve keyword 'tour_destination' into field. Choices are: additional_notes, booking_reference, confirmed_date, confirmed_time, created_at, destination, email, estimated_price, final_price, id, meeting_point, name, number_of_people, phone, preferred_date, special_requirements, status, tour, tour_id, updated_at
Error generating stats: Cannot resolve keyword 'tour_destination' into field. Choices are: additional_notes, booking_reference, confirmed_date, confirmed_time, created_at, destination, email, estimated_price, final_price, id, meeting_point, name, number_of_people, phone, preferred_date, special_requirements, status, tour, tour_id, updated_at
Error generating stats: Cannot resolve keyword 'tour_destination' into field. Choices are: additional_notes, booking_reference, confirmed_date, confirmed_time, created_at, destination, email, estimated_price, final_price, id, meeting_point, name, number_of_people, phone, preferred_date, special_requirements, status, tour, tour_id, updated_at
Email sent successfully to karokin35@gmail.com
Customer confirmation email sent for booking 177DF030
Email sent successfully to nancykaroki49@gmail.com
Admin notification email sent for booking 177DF030
Error generating stats: Cannot resolve keyword 'tour_destination' into field. Choices are: additional_notes, booking_reference, confirmed_date, confirmed_time, created_at, destination, email, estimated_price, final_price, id, meeting_point, name, number_of_people, phone, preferred_date, special_requirements, status, tour, tour_id, updated_at
Error generating stats: Cannot resolve keyword 'tour_destination' into field. Choices are: additional_notes, booking_reference, confirmed_date, confirmed_time, created_at, destination, email, estimated_price, final_price, id, meeting_point, name, number_of_people, phone, preferred_date, special_requirements, status, tour, tour_id, updated_at
Error generating stats: Cannot resolve keyword 'tour_destination' into field. Choices are: additional_notes, booking_reference, confirmed_date, confirmed_time, created_at, destination, email, estimated_price, final_price, id, meeting_point, name, number_of_people, phone, preferred_date, special_requirements, status, tour, tour_id, updated_at
Error generating stats: Cannot resolve keyword 'tour_destination' into field. Choices are: additional_notes, booking_reference, confirmed_date, confirmed_time, created_at, destination, email, estimated_price, final_price, id, meeting_point, name, number_of_people, phone, preferred_date, special_requirements, status, tour, tour_id, updated_at
Email sent successfully to karokin35@gmail.com
Final confirmation email sent for booking D1566FDB
Admin Richard accessed dashboard statistics
Admin Richard accessed dashboard statistics
Admin Richard accessed dashboard statistics
Admin Richard accessed dashboard statistics
Admin Richard accessed dashboard statistics
Admin Richard accessed dashboard statistics
Admin Richard accessed dashboard statistics
Admin Richard accessed dashboard statistics
Admin Richard accessed dashboard statistics
Admin Richard accessed dashboard statistics
Admin Richard accessed dashboard statistics
Admin Richard accessed dashboard statistics
Admin Richard accessed dashboard statistics
Admin Richard accessed dashboard statistics
Admin Richard accessed dashboard statistics
Admin Richard accessed dashboard statistics
Admin Richard accessed dashboard statistics
Admin Richard accessed dashboard statistics
Admin Richard accessed dashboard statistics
Admin Richard accessed dashboard statistics
Admin Richard accessed dashboard statistics
Admin Richard accessed dashboard statistics
Admin Richard accessed dashboard statistics
Admin Richard accessed dashboard statistics
Admin Richard accessed dashboard statistics
Admin Richard accessed dashboard statistics
